<?xml version="1.0" encoding="UTF-8"?>
<!-- Generated by org.testng.reporters.JUnitReportReporter -->
<testsuite skipped="0" hostname="BNGLOG-L-98634" name="BPA2.NewTest" tests="1" failures="0" timestamp="08 Feb 2019 19:16:14 GMT" time="5.649" errors="0">
  <testcase name="testEasy" time="5.649" classname="BPA2.NewTest"/>
</testsuite> <!-- BPA2.NewTest -->
